<?xml version="1.0" encoding="UTF-8"?>
<!-- Generated by org.testng.reporters.JUnitXMLReporter -->
<testsuite ignored="0" hostname="5nroor063" failures="5" tests="22" name="test" time="18.571" errors="0" timestamp="2024-08-07T20:46:46 EEST">
  <testcase classname="tests.BaseComponent2Test" name="postTodoWithToken" time="0.603"/>
  <testcase classname="tests.BaseComponentExample" name="createNewUser" time="1.445"/>
  <testcase classname="tests.BaseComponentExample" name="readUser" time="0.331">
    <failure type="java.lang.AssertionError" message="1 expectation failed.
Expected status code &amp;lt;200&amp;gt; but was &amp;lt;404&amp;gt;.
">
      <![CDATA[java.lang.AssertionError: 1 expectation failed.
Expected status code <200> but was <404>.

at org.codehaus.groovy.runtime.callsite.ConstructorSite$ConstructorSiteNoUnwrapNoCoerce.callConstructor(ConstructorSite.java:108)
at org.codehaus.groovy.runtime.callsite.CallSiteArray.defaultCallConstructor(CallSiteArray.java:57)
at org.codehaus.groovy.runtime.callsite.AbstractCallSite.callConstructor(AbstractCallSite.java:263)
at org.codehaus.groovy.runtime.callsite.AbstractCallSite.callConstructor(AbstractCallSite.java:277)
at io.restassured.internal.ResponseSpecificationImpl$HamcrestAssertionClosure.validate(ResponseSpecificationImpl.groovy:512)
at io.restassured.internal.ResponseSpecificationImpl$HamcrestAssertionClosure$validate$1.call(Unknown Source)
at io.restassured.internal.ResponseSpecificationImpl.validateResponseIfRequired(ResponseSpecificationImpl.groovy:696)
at io.restassured.internal.ResponseSpecificationImpl.this$2$validateResponseIfRequired(ResponseSpecificationImpl.groovy)
at org.codehaus.groovy.runtime.callsite.PlainObjectMetaMethodSite.doInvoke(PlainObjectMetaMethodSite.java:43)
at org.codehaus.groovy.runtime.callsite.PogoMetaMethodSite$PogoCachedMethodSiteNoUnwrapNoCoerce.invoke(PogoMetaMethodSite.java:198)
at org.codehaus.groovy.runtime.callsite.PogoMetaMethodSite.callCurrent(PogoMetaMethodSite.java:62)
at org.codehaus.groovy.runtime.callsite.AbstractCallSite.callCurrent(AbstractCallSite.java:185)
at io.restassured.internal.ResponseSpecificationImpl.statusCode(ResponseSpecificationImpl.groovy:135)
at io.restassured.specification.ResponseSpecification$statusCode$0.callCurrent(Unknown Source)
at io.restassured.internal.ResponseSpecificationImpl.statusCode(ResponseSpecificationImpl.groovy:143)
at io.restassured.internal.ValidatableResponseOptionsImpl.statusCode(ValidatableResponseOptionsImpl.java:89)
at utils.BaseComponent.doGetRequest(BaseComponent.java:40)
at tests.BaseComponentExample.readUser(BaseComponentExample.java:40)
at java.base/java.util.ArrayList.forEach(ArrayList.java:1511)
... Removed 37 stack frames]]>
    </failure>
  </testcase> <!-- readUser -->
  <testcase classname="tests.BaseComponentExample" name="updateUser" time="0.298">
    <failure type="java.lang.AssertionError" message="1 expectation failed.
Expected status code &amp;lt;200&amp;gt; but was &amp;lt;403&amp;gt;.
">
      <![CDATA[java.lang.AssertionError: 1 expectation failed.
Expected status code <200> but was <403>.

at org.codehaus.groovy.runtime.callsite.ConstructorSite$ConstructorSiteNoUnwrapNoCoerce.callConstructor(ConstructorSite.java:108)
at org.codehaus.groovy.runtime.callsite.AbstractCallSite.callConstructor(AbstractCallSite.java:277)
at io.restassured.internal.ResponseSpecificationImpl$HamcrestAssertionClosure.validate(ResponseSpecificationImpl.groovy:512)
at io.restassured.internal.ResponseSpecificationImpl$HamcrestAssertionClosure$validate$1.call(Unknown Source)
at io.restassured.internal.ResponseSpecificationImpl.validateResponseIfRequired(ResponseSpecificationImpl.groovy:696)
at io.restassured.internal.ResponseSpecificationImpl.this$2$validateResponseIfRequired(ResponseSpecificationImpl.groovy)
at org.codehaus.groovy.runtime.callsite.PlainObjectMetaMethodSite.doInvoke(PlainObjectMetaMethodSite.java:43)
at org.codehaus.groovy.runtime.callsite.PogoMetaMethodSite$PogoCachedMethodSiteNoUnwrapNoCoerce.invoke(PogoMetaMethodSite.java:198)
at org.codehaus.groovy.runtime.callsite.PogoMetaMethodSite.callCurrent(PogoMetaMethodSite.java:62)
at org.codehaus.groovy.runtime.callsite.AbstractCallSite.callCurrent(AbstractCallSite.java:185)
at io.restassured.internal.ResponseSpecificationImpl.statusCode(ResponseSpecificationImpl.groovy:135)
at io.restassured.specification.ResponseSpecification$statusCode$0.callCurrent(Unknown Source)
at io.restassured.internal.ResponseSpecificationImpl.statusCode(ResponseSpecificationImpl.groovy:143)
at io.restassured.internal.ValidatableResponseOptionsImpl.statusCode(ValidatableResponseOptionsImpl.java:89)
at utils.BaseComponent.doPutRequest(BaseComponent.java:54)
at tests.BaseComponentExample.updateUser(BaseComponentExample.java:51)
at java.base/java.util.ArrayList.forEach(ArrayList.java:1511)
... Removed 37 stack frames]]>
    </failure>
  </testcase> <!-- updateUser -->
  <testcase classname="tests.BaseComponentExample" name="deleteUser" time="0.412"/>
  <testcase classname="tests.CrudExamples" name="createTodo" time="0.697"/>
  <testcase classname="tests.CrudExamples" name="getTodo" time="0.358"/>
  <testcase classname="tests.CrudExamples" name="updateTodo" time="0.699"/>
  <testcase classname="tests.CrudExamples" name="deleteTodo" time="0.383"/>
  <testcase classname="tests.HamcrestExample" name="hamcrestTest" time="0.658"/>
  <testcase classname="tests.JsonPathExample" name="testJsonPath" time="0.819"/>
  <testcase classname="tests.LombokExample" name="testLombok" time="0.001"/>
  <testcase classname="tests.MultiPartExample" name="multiPartTest" time="1.597"/>
  <testcase classname="tests.ParseJson" name="parseJson" time="0.027"/>
  <testcase classname="tests.RestAssuredAuthExample" name="bearerAuth" time="0.662"/>
  <testcase classname="tests.RestAssuredAuthExample" name="formAuth" time="3.341">
    <failure type="java.lang.AssertionError" message="expected [true] but found [false]">
      <![CDATA[java.lang.AssertionError: expected [true] but found [false]
at tests.RestAssuredAuthExample.formAuth(RestAssuredAuthExample.java:71)
at java.base/java.util.ArrayList.forEach(ArrayList.java:1511)
... Removed 31 stack frames]]>
    </failure>
  </testcase> <!-- formAuth -->
  <testcase classname="tests.RestAssuredHtmlExample" name="testHtmlResponse" time="0.56"/>
  <testcase classname="tests.RestAssuredXmlExample" name="textXMLResponse" time="0.224">
    <failure type="io.restassured.path.xml.exception.XmlPathException" message="Failed to parse the XML document">
      <![CDATA[io.restassured.path.xml.exception.XmlPathException: Failed to parse the XML document
at io.restassured.path.xml.XmlPath$LazyXmlParser.invoke(XmlPath.java:1039)
at io.restassured.path.xml.XmlPath.getFromPath(XmlPath.java:423)
at io.restassured.path.xml.XmlPath.get(XmlPath.java:317)
at io.restassured.path.xml.XmlPath.getAsList(XmlPath.java:882)
at io.restassured.path.xml.XmlPath.getAsList(XmlPath.java:878)
at io.restassured.path.xml.XmlPath.getList(XmlPath.java:330)
at tests.RestAssuredXmlExample.textXMLResponse(RestAssuredXmlExample.java:17)
at java.base/java.util.ArrayList.forEach(ArrayList.java:1511)
Caused by: org.xml.sax.SAXParseException; lineNumber: 1; columnNumber: 1; Premature end of file.
at java.xml/com.sun.org.apache.xerces.internal.parsers.AbstractSAXParser.parse(AbstractSAXParser.java:1251)
at java.xml/com.sun.org.apache.xerces.internal.jaxp.SAXParserImpl$JAXPSAXParser.parse(SAXParserImpl.java:637)
at groovy.xml.XmlSlurper.parse(XmlSlurper.java:199)
at groovy.xml.XmlSlurper.parse(XmlSlurper.java:252)
at groovy.xml.XmlSlurper.parseText(XmlSlurper.java:282)
at io.restassured.path.xml.XmlPath$1.method(XmlPath.java:840)
at io.restassured.path.xml.XmlPath$LazyXmlParser.invoke(XmlPath.java:1032)
... 34 more
... Removed 27 stack frames]]>
    </failure>
  </testcase> <!-- textXMLResponse -->
  <testcase classname="tests.RestExample" name="restExampleTest" time="0.456"/>
  <testcase classname="tests.SchemaValidationExample" name="testResponseSchema" time="0.776"/>
  <testcase classname="tests.SentFromFile" name="testJsonFile" time="0.358">
    <failure type="java.lang.AssertionError" message="1 expectation failed.
Expected status code &amp;lt;201&amp;gt; but was &amp;lt;400&amp;gt;.
">
      <![CDATA[java.lang.AssertionError: 1 expectation failed.
Expected status code <201> but was <400>.

at org.codehaus.groovy.runtime.callsite.ConstructorSite$ConstructorSiteNoUnwrapNoCoerce.callConstructor(ConstructorSite.java:108)
at org.codehaus.groovy.runtime.callsite.AbstractCallSite.callConstructor(AbstractCallSite.java:277)
at io.restassured.internal.ResponseSpecificationImpl$HamcrestAssertionClosure.validate(ResponseSpecificationImpl.groovy:512)
at io.restassured.internal.ResponseSpecificationImpl$HamcrestAssertionClosure$validate$1.call(Unknown Source)
at io.restassured.internal.ResponseSpecificationImpl.validateResponseIfRequired(ResponseSpecificationImpl.groovy:696)
at io.restassured.internal.ResponseSpecificationImpl.this$2$validateResponseIfRequired(ResponseSpecificationImpl.groovy)
at org.codehaus.groovy.runtime.callsite.PlainObjectMetaMethodSite.doInvoke(PlainObjectMetaMethodSite.java:43)
at org.codehaus.groovy.runtime.callsite.PogoMetaMethodSite$PogoCachedMethodSiteNoUnwrapNoCoerce.invoke(PogoMetaMethodSite.java:198)
at org.codehaus.groovy.runtime.callsite.PogoMetaMethodSite.callCurrent(PogoMetaMethodSite.java:62)
at org.codehaus.groovy.runtime.callsite.AbstractCallSite.callCurrent(AbstractCallSite.java:185)
at io.restassured.internal.ResponseSpecificationImpl.statusCode(ResponseSpecificationImpl.groovy:135)
at io.restassured.specification.ResponseSpecification$statusCode$0.callCurrent(Unknown Source)
at io.restassured.internal.ResponseSpecificationImpl.statusCode(ResponseSpecificationImpl.groovy:143)
at io.restassured.internal.ValidatableResponseOptionsImpl.statusCode(ValidatableResponseOptionsImpl.java:89)
at utils.BaseComponent.doPostRequest(BaseComponent.java:28)
at tests.SentFromFile.testJsonFile(SentFromFile.java:28)
at java.base/java.util.ArrayList.forEach(ArrayList.java:1511)
... Removed 37 stack frames]]>
    </failure>
  </testcase> <!-- testJsonFile -->
  <testcase classname="tests.TestRequestWithLombok" name="createBooking" time="0.971"/>
</testsuite> <!-- test -->
